{"level":"info","message":"Server running in development mode on port 5000","timestamp":"2026-06-30 20:42:12"}
{"level":"info","message":"Server running in development mode on port 5000","timestamp":"2026-06-30 21:48:58"}
{"level":"info","message":"Server running in development mode on port 5000","timestamp":"2026-06-30 21:50:52"}
{"level":"error","message":"Invalid email or password.","timestamp":"2026-06-30 21:55:09"}
{"level":"error","message":"Invalid email or password.","timestamp":"2026-06-30 21:55:20"}
{"level":"error","message":"Invalid email or password.","timestamp":"2026-06-30 21:55:41"}
{"level":"error","message":"Invalid email or password.","timestamp":"2026-06-30 21:56:02"}
{"level":"error","message":"Invalid email or password.","timestamp":"2026-06-30 21:56:40"}
{"level":"error","message":"Invalid email or password.","timestamp":"2026-06-30 21:56:54"}
{"level":"error","message":"Invalid email or password.","timestamp":"2026-06-30 21:56:54"}
{"level":"error","message":"Error: CONSTRAINT `audit_logs.old_value` failed for `it_equipment_management`.`audit_logs`\n    at BorrowService.logAudit (c:\\xampp\\htdocs\\It-dddd\\it-equipment-management\\backend\\src\\services\\borrowService.js:440:16)\n    at BorrowService.submit (c:\\xampp\\htdocs\\It-dddd\\it-equipment-management\\backend\\src\\services\\borrowService.js:201:16)\n    at process.processTicksAndRejections (node:internal/process/task_queues:104:5)\n    at async submit (c:\\xampp\\htdocs\\It-dddd\\it-equipment-management\\backend\\src\\controllers\\borrowController.js:35:20)","timestamp":"2026-06-30 21:59:53"}
{"level":"info","message":"Server running in development mode on port 5000","timestamp":"2026-06-30 22:01:32"}
{"level":"error","message":"Error: CONSTRAINT `audit_logs.old_value` failed for `it_equipment_management`.`audit_logs`\n    at BorrowService.logAudit (c:\\xampp\\htdocs\\It-dddd\\it-equipment-management\\backend\\src\\services\\borrowService.js:440:16)\n    at BorrowService.submit (c:\\xampp\\htdocs\\It-dddd\\it-equipment-management\\backend\\src\\services\\borrowService.js:201:16)\n    at process.processTicksAndRejections (node:internal/process/task_queues:104:5)\n    at async submit (c:\\xampp\\htdocs\\It-dddd\\it-equipment-management\\backend\\src\\controllers\\borrowController.js:35:20)","timestamp":"2026-06-30 22:26:23"}
{"level":"info","message":"Server running in development mode on port 5000","timestamp":"2026-06-30 22:50:22"}
{"level":"info","message":"Server running in development mode on port 5000","timestamp":"2026-06-30 22:50:34"}
{"level":"info","message":"Server running in development mode on port 5000","timestamp":"2026-06-30 22:50:40"}
{"level":"info","message":"Server running in development mode on port 5000","timestamp":"2026-06-30 22:52:07"}
{"level":"info","message":"Server running in development mode on port 5000","timestamp":"2026-06-30 22:52:17"}
{"level":"info","message":"Server running in development mode on port 5000","timestamp":"2026-06-30 22:52:30"}
{"level":"info","message":"Server running in development mode on port 5000","timestamp":"2026-06-30 22:52:36"}
{"level":"info","message":"Server running in development mode on port 5000","timestamp":"2026-06-30 22:52:45"}
{"level":"info","message":"Server running in development mode on port 5000","timestamp":"2026-06-30 23:04:17"}
{"level":"info","message":"Server running in development mode on port 5000","timestamp":"2026-06-30 23:04:36"}
{"level":"info","message":"Server running in development mode on port 5000","timestamp":"2026-06-30 23:05:01"}
{"level":"info","message":"Server running in development mode on port 5000","timestamp":"2026-06-30 23:05:53"}
{"level":"info","message":"Server running in development mode on port 5000","timestamp":"2026-07-01 00:04:25"}
{"level":"info","message":"Server running in development mode on port 5000","timestamp":"2026-07-01 00:07:40"}
{"level":"info","message":"Server running in development mode on port 5000","timestamp":"2026-07-01 00:15:33"}
{"level":"error","message":"Unhandled Rejection:","timestamp":"2026-07-01 00:16:23"}
{"level":"error","message":"Unhandled Rejection:","timestamp":"2026-07-01 00:16:23"}
{"level":"error","message":"Unhandled Rejection:","timestamp":"2026-07-01 00:16:23"}
{"level":"info","message":"Server running in development mode on port 5000","timestamp":"2026-07-01 00:19:04"}
{"level":"info","message":"Server running in development mode on port 5000","timestamp":"2026-07-01 00:24:01"}
{"level":"error","message":"Asset not found.","timestamp":"2026-07-01 00:24:40"}
{"level":"error","message":"Unhandled Rejection:","timestamp":"2026-07-01 00:24:40"}
{"level":"info","message":"Server running in development mode on port 5000","timestamp":"2026-07-01 00:25:53"}
{"level":"error","message":"Unhandled Rejection:","timestamp":"2026-07-01 00:30:39"}
{"level":"error","message":"Unhandled Rejection:","timestamp":"2026-07-01 00:30:39"}
{"level":"error","message":"Unhandled Rejection:","timestamp":"2026-07-01 00:30:39"}
{"level":"info","message":"Server running in development mode on port 5000","timestamp":"2026-07-01 00:33:16"}
{"level":"info","message":"Server running in development mode on port 5000","timestamp":"2026-07-01 00:33:36"}
{"level":"info","message":"Server running in development mode on port 5000","timestamp":"2026-07-01 00:35:08"}
{"level":"error","message":"Unhandled Rejection:","timestamp":"2026-07-01 00:36:06"}
{"level":"error","message":"Unhandled Rejection:","timestamp":"2026-07-01 00:36:06"}
{"level":"error","message":"Unhandled Rejection:","timestamp":"2026-07-01 00:36:06"}
{"level":"info","message":"Server running in development mode on port 5000","timestamp":"2026-07-01 00:38:28"}
{"level":"error","message":"Invalid email or password.","timestamp":"2026-07-01 00:39:37"}
{"level":"error","message":"Unhandled Rejection:","timestamp":"2026-07-01 00:39:56"}
{"level":"info","message":"Server running in development mode on port 5000","timestamp":"2026-07-01 00:40:36"}
{"level":"info","message":"Server running in development mode on port 5000","timestamp":"2026-07-01 00:41:15"}
{"level":"info","message":"Server running in development mode on port 5000","timestamp":"2026-07-01 00:41:25"}
{"level":"info","message":"Server running in development mode on port 5000","timestamp":"2026-07-01 00:41:46"}
{"level":"info","message":"Server running in development mode on port 5000","timestamp":"2026-07-01 00:41:56"}
{"level":"info","message":"Server running in development mode on port 5000","timestamp":"2026-07-01 00:42:53"}
{"level":"info","message":"Server running in development mode on port 5000","timestamp":"2026-07-01 00:46:40"}
{"level":"error","message":"Error: CONSTRAINT `audit_logs.old_value` failed for `it_equipment_management`.`audit_logs`\n    at BorrowService.logAudit (C:\\xampp\\htdocs\\It-dddd\\it-equipment-management\\backend\\src\\services\\borrowService.js:440:16)\n    at BorrowService.approve (C:\\xampp\\htdocs\\It-dddd\\it-equipment-management\\backend\\src\\services\\borrowService.js:234:18)\n    at process.processTicksAndRejections (node:internal/process/task_queues:104:5)\n    at async approve (C:\\xampp\\htdocs\\It-dddd\\it-equipment-management\\backend\\src\\controllers\\borrowController.js:44:20)","timestamp":"2026-07-01 00:47:54"}
{"level":"error","message":"Only submitted requests can be approved.","timestamp":"2026-07-01 00:48:14"}
{"level":"info","message":"Server running in development mode on port 5000","timestamp":"2026-07-01 01:11:24"}
{"level":"info","message":"Server running in development mode on port 5000","timestamp":"2026-07-01 01:35:55"}
{"level":"error","message":"Unhandled Rejection:","timestamp":"2026-07-01 01:38:12"}
{"level":"error","message":"Unhandled Rejection:","timestamp":"2026-07-01 01:38:12"}
{"level":"error","message":"Unhandled Rejection:","timestamp":"2026-07-01 01:38:12"}
{"level":"info","message":"Server running in development mode on port 5000","timestamp":"2026-07-01 01:54:22"}
{"level":"error","message":"Unhandled Rejection:","timestamp":"2026-07-01 02:02:40"}
{"level":"error","message":"Unhandled Rejection:","timestamp":"2026-07-01 02:02:40"}
{"level":"error","message":"Unhandled Rejection:","timestamp":"2026-07-01 02:02:40"}
