{"level":"error","message":"Invalid email or password.","timestamp":"2026-06-30 21:55:09"}
{"level":"error","message":"Invalid email or password.","timestamp":"2026-06-30 21:55:20"}
{"level":"error","message":"Invalid email or password.","timestamp":"2026-06-30 21:55:41"}
{"level":"error","message":"Invalid email or password.","timestamp":"2026-06-30 21:56:02"}
{"level":"error","message":"Invalid email or password.","timestamp":"2026-06-30 21:56:40"}
{"level":"error","message":"Invalid email or password.","timestamp":"2026-06-30 21:56:54"}
{"level":"error","message":"Invalid email or password.","timestamp":"2026-06-30 21:56:54"}
{"level":"error","message":"Error: CONSTRAINT `audit_logs.old_value` failed for `it_equipment_management`.`audit_logs`\n    at BorrowService.logAudit (c:\\xampp\\htdocs\\It-dddd\\it-equipment-management\\backend\\src\\services\\borrowService.js:440:16)\n    at BorrowService.submit (c:\\xampp\\htdocs\\It-dddd\\it-equipment-management\\backend\\src\\services\\borrowService.js:201:16)\n    at process.processTicksAndRejections (node:internal/process/task_queues:104:5)\n    at async submit (c:\\xampp\\htdocs\\It-dddd\\it-equipment-management\\backend\\src\\controllers\\borrowController.js:35:20)","timestamp":"2026-06-30 21:59:53"}
{"level":"error","message":"Error: CONSTRAINT `audit_logs.old_value` failed for `it_equipment_management`.`audit_logs`\n    at BorrowService.logAudit (c:\\xampp\\htdocs\\It-dddd\\it-equipment-management\\backend\\src\\services\\borrowService.js:440:16)\n    at BorrowService.submit (c:\\xampp\\htdocs\\It-dddd\\it-equipment-management\\backend\\src\\services\\borrowService.js:201:16)\n    at process.processTicksAndRejections (node:internal/process/task_queues:104:5)\n    at async submit (c:\\xampp\\htdocs\\It-dddd\\it-equipment-management\\backend\\src\\controllers\\borrowController.js:35:20)","timestamp":"2026-06-30 22:26:23"}
{"level":"error","message":"Unhandled Rejection:","timestamp":"2026-07-01 00:16:23"}
{"level":"error","message":"Unhandled Rejection:","timestamp":"2026-07-01 00:16:23"}
{"level":"error","message":"Unhandled Rejection:","timestamp":"2026-07-01 00:16:23"}
{"level":"error","message":"Asset not found.","timestamp":"2026-07-01 00:24:40"}
{"level":"error","message":"Unhandled Rejection:","timestamp":"2026-07-01 00:24:40"}
{"level":"error","message":"Unhandled Rejection:","timestamp":"2026-07-01 00:30:39"}
{"level":"error","message":"Unhandled Rejection:","timestamp":"2026-07-01 00:30:39"}
{"level":"error","message":"Unhandled Rejection:","timestamp":"2026-07-01 00:30:39"}
{"level":"error","message":"Unhandled Rejection:","timestamp":"2026-07-01 00:36:06"}
{"level":"error","message":"Unhandled Rejection:","timestamp":"2026-07-01 00:36:06"}
{"level":"error","message":"Unhandled Rejection:","timestamp":"2026-07-01 00:36:06"}
{"level":"error","message":"Invalid email or password.","timestamp":"2026-07-01 00:39:37"}
{"level":"error","message":"Unhandled Rejection:","timestamp":"2026-07-01 00:39:56"}
{"level":"error","message":"Error: CONSTRAINT `audit_logs.old_value` failed for `it_equipment_management`.`audit_logs`\n    at BorrowService.logAudit (C:\\xampp\\htdocs\\It-dddd\\it-equipment-management\\backend\\src\\services\\borrowService.js:440:16)\n    at BorrowService.approve (C:\\xampp\\htdocs\\It-dddd\\it-equipment-management\\backend\\src\\services\\borrowService.js:234:18)\n    at process.processTicksAndRejections (node:internal/process/task_queues:104:5)\n    at async approve (C:\\xampp\\htdocs\\It-dddd\\it-equipment-management\\backend\\src\\controllers\\borrowController.js:44:20)","timestamp":"2026-07-01 00:47:54"}
{"level":"error","message":"Only submitted requests can be approved.","timestamp":"2026-07-01 00:48:14"}
{"level":"error","message":"Unhandled Rejection:","timestamp":"2026-07-01 01:38:12"}
{"level":"error","message":"Unhandled Rejection:","timestamp":"2026-07-01 01:38:12"}
{"level":"error","message":"Unhandled Rejection:","timestamp":"2026-07-01 01:38:12"}
{"level":"error","message":"Unhandled Rejection:","timestamp":"2026-07-01 02:02:40"}
{"level":"error","message":"Unhandled Rejection:","timestamp":"2026-07-01 02:02:40"}
{"level":"error","message":"Unhandled Rejection:","timestamp":"2026-07-01 02:02:40"}
